<?xml version="1.0" encoding="UTF-8"?>
<testsuite name="ch.tomwilhelm.cryptomaert.CryptomaertApplicationTests" tests="1" skipped="0" failures="0" errors="0" timestamp="2020-01-20T23:20:42" hostname="MacBook-Pro.fritz.box" time="0.079">
  <properties/>
  <testcase name="contextLoads()" classname="ch.tomwilhelm.cryptomaert.CryptomaertApplicationTests" time="0.079"/>
  <system-out><![CDATA[00:20:39.743 [Test worker] DEBUG org.springframework.test.context.BootstrapUtils - Instantiating CacheAwareContextLoaderDelegate from class [org.springframework.test.context.cache.DefaultCacheAwareContextLoaderDelegate]
00:20:39.752 [Test worker] DEBUG org.springframework.test.context.BootstrapUtils - Instantiating BootstrapContext using constructor [public org.springframework.test.context.support.DefaultBootstrapContext(java.lang.Class,org.springframework.test.context.CacheAwareContextLoaderDelegate)]
00:20:39.770 [Test worker] DEBUG org.springframework.test.context.BootstrapUtils - Instantiating TestContextBootstrapper for test class [ch.tomwilhelm.cryptomaert.CryptomaertApplicationTests] from class [org.springframework.boot.test.context.SpringBootTestContextBootstrapper]
00:20:39.783 [Test worker] INFO org.springframework.boot.test.context.SpringBootTestContextBootstrapper - Neither @ContextConfiguration nor @ContextHierarchy found for test class [ch.tomwilhelm.cryptomaert.CryptomaertApplicationTests], using SpringBootContextLoader
00:20:39.786 [Test worker] DEBUG org.springframework.test.context.support.AbstractContextLoader - Did not detect default resource location for test class [ch.tomwilhelm.cryptomaert.CryptomaertApplicationTests]: class path resource [ch/tomwilhelm/cryptomaert/CryptomaertApplicationTests-context.xml] does not exist
00:20:39.786 [Test worker] DEBUG org.springframework.test.context.support.AbstractContextLoader - Did not detect default resource location for test class [ch.tomwilhelm.cryptomaert.CryptomaertApplicationTests]: class path resource [ch/tomwilhelm/cryptomaert/CryptomaertApplicationTestsContext.groovy] does not exist
00:20:39.786 [Test worker] INFO org.springframework.test.context.support.AbstractContextLoader - Could not detect default resource locations for test class [ch.tomwilhelm.cryptomaert.CryptomaertApplicationTests]: no resource found for suffixes {-context.xml, Context.groovy}.
00:20:39.787 [Test worker] INFO org.springframework.test.context.support.AnnotationConfigContextLoaderUtils - Could not detect default configuration classes for test class [ch.tomwilhelm.cryptomaert.CryptomaertApplicationTests]: CryptomaertApplicationTests does not declare any static, non-private, non-final, nested classes annotated with @Configuration.
00:20:39.814 [Test worker] DEBUG org.springframework.test.context.support.ActiveProfilesUtils - Could not find an 'annotation declaring class' for annotation type [org.springframework.test.context.ActiveProfiles] and class [ch.tomwilhelm.cryptomaert.CryptomaertApplicationTests]
00:20:39.859 [Test worker] DEBUG org.springframework.context.annotation.ClassPathScanningCandidateComponentProvider - Identified candidate component class: file [/Users/aron/Google Drive/TBZ/M151/bitcointwint/bitcoinTwint/cryptomaertSpringBackend/build/classes/java/main/ch/tomwilhelm/cryptomaert/CryptomaertApplication.class]
00:20:39.860 [Test worker] INFO org.springframework.boot.test.context.SpringBootTestContextBootstrapper - Found @SpringBootConfiguration ch.tomwilhelm.cryptomaert.CryptomaertApplication for test class ch.tomwilhelm.cryptomaert.CryptomaertApplicationTests
00:20:39.919 [Test worker] DEBUG org.springframework.boot.test.context.SpringBootTestContextBootstrapper - @TestExecutionListeners is not present for class [ch.tomwilhelm.cryptomaert.CryptomaertApplicationTests]: using defaults.
00:20:39.920 [Test worker] INFO org.springframework.boot.test.context.SpringBootTestContextBootstrapper - Loaded default TestExecutionListener class names from location [META-INF/spring.factories]: [org.springframework.boot.test.autoconfigure.restdocs.RestDocsTestExecutionListener, org.springframework.boot.test.autoconfigure.web.client.MockRestServiceServerResetTestExecutionListener, org.springframework.boot.test.autoconfigure.web.servlet.MockMvcPrintOnlyOnFailureTestExecutionListener, org.springframework.boot.test.autoconfigure.web.servlet.WebDriverTestExecutionListener, org.springframework.boot.test.mock.mockito.MockitoTestExecutionListener, org.springframework.boot.test.mock.mockito.ResetMocksTestExecutionListener, org.springframework.test.context.web.ServletTestExecutionListener, org.springframework.test.context.support.DirtiesContextBeforeModesTestExecutionListener, org.springframework.test.context.support.DependencyInjectionTestExecutionListener, org.springframework.test.context.support.DirtiesContextTestExecutionListener, org.springframework.test.context.transaction.TransactionalTestExecutionListener, org.springframework.test.context.jdbc.SqlScriptsTestExecutionListener, org.springframework.test.context.event.EventPublishingTestExecutionListener]
00:20:39.933 [Test worker] INFO org.springframework.boot.test.context.SpringBootTestContextBootstrapper - Using TestExecutionListeners: [org.springframework.test.context.web.ServletTestExecutionListener@76d19f0b, org.springframework.test.context.support.DirtiesContextBeforeModesTestExecutionListener@7cc667bf, org.springframework.boot.test.mock.mockito.MockitoTestExecutionListener@63744ff1, org.springframework.boot.test.autoconfigure.SpringBootDependencyInjectionTestExecutionListener@2d6d9408, org.springframework.test.context.support.DirtiesContextTestExecutionListener@573e7f69, org.springframework.test.context.transaction.TransactionalTestExecutionListener@180a11ae, org.springframework.test.context.jdbc.SqlScriptsTestExecutionListener@5940ce99, org.springframework.test.context.event.EventPublishingTestExecutionListener@18cccc6d, org.springframework.boot.test.autoconfigure.restdocs.RestDocsTestExecutionListener@3cad2d2a, org.springframework.boot.test.autoconfigure.web.client.MockRestServiceServerResetTestExecutionListener@74e2cc70, org.springframework.boot.test.autoconfigure.web.servlet.MockMvcPrintOnlyOnFailureTestExecutionListener@2b09e073, org.springframework.boot.test.autoconfigure.web.servlet.WebDriverTestExecutionListener@5558eedb, org.springframework.boot.test.mock.mockito.ResetMocksTestExecutionListener@c94d27]
00:20:39.936 [Test worker] DEBUG org.springframework.test.context.support.AbstractDirtiesContextTestExecutionListener - Before test class: context [DefaultTestContext@69495301 testClass = CryptomaertApplicationTests, testInstance = [null], testMethod = [null], testException = [null], mergedContextConfiguration = [WebMergedContextConfiguration@77c903c testClass = CryptomaertApplicationTests, locations = '{}', classes = '{class ch.tomwilhelm.cryptomaert.CryptomaertApplication}', contextInitializerClasses = '[]', activeProfiles = '{}', propertySourceLocations = '{}', propertySourceProperties = '{org.springframework.boot.test.context.SpringBootTestContextBootstrapper=true}', contextCustomizers = set[org.springframework.boot.test.autoconfigure.properties.PropertyMappingContextCustomizer@0, org.springframework.boot.test.autoconfigure.web.servlet.WebDriverContextCustomizerFactory$Customizer@39b23fa0, org.springframework.boot.test.context.filter.ExcludeFilterContextCustomizer@634c3b74, org.springframework.boot.test.json.DuplicateJsonObjectContextCustomizerFactory$DuplicateJsonObjectContextCustomizer@640bd265, org.springframework.boot.test.mock.mockito.MockitoContextCustomizer@0, org.springframework.boot.test.web.client.TestRestTemplateContextCustomizer@748e0aac], resourceBasePath = 'src/main/webapp', contextLoader = 'org.springframework.boot.test.context.SpringBootContextLoader', parent = [null]], attributes = map['org.springframework.test.context.web.ServletTestExecutionListener.activateListener' -> true]], class annotated with @DirtiesContext [false] with mode [null].
00:20:39.957 [Test worker] DEBUG org.springframework.test.context.support.TestPropertySourceUtils - Adding inlined properties to environment: {spring.jmx.enabled=false, org.springframework.boot.test.context.SpringBootTestContextBootstrapper=true, server.port=-1}

  .   ____          _            __ _ _
 /\\ / ___'_ __ _ _(_)_ __  __ _ \ \ \ \
( ( )\___ | '_ | '_| | '_ \/ _` | \ \ \ \
 \\/  ___)| |_)| | | | | || (_| |  ) ) ) )
  '  |____| .__|_| |_|_| |_\__, | / / / /
 =========|_|==============|___/=/_/_/_/
 :: Spring Boot ::        (v2.2.3.RELEASE)

2020-01-21 00:20:40.174  INFO 6144 --- [    Test worker] c.t.c.CryptomaertApplicationTests        : Starting CryptomaertApplicationTests on MacBook-Pro.fritz.box with PID 6144 (started by aron in /Users/aron/Google Drive/TBZ/M151/bitcointwint/bitcoinTwint/cryptomaertSpringBackend)
2020-01-21 00:20:40.176  INFO 6144 --- [    Test worker] c.t.c.CryptomaertApplicationTests        : No active profile set, falling back to default profiles: default
2020-01-21 00:20:40.718  INFO 6144 --- [    Test worker] .s.d.r.c.RepositoryConfigurationDelegate : Bootstrapping Spring Data JPA repositories in DEFAULT mode.
2020-01-21 00:20:40.754  INFO 6144 --- [    Test worker] .s.d.r.c.RepositoryConfigurationDelegate : Finished Spring Data repository scanning in 31ms. Found 1 JPA repository interfaces.
2020-01-21 00:20:41.035  INFO 6144 --- [    Test worker] trationDelegate$BeanPostProcessorChecker : Bean 'org.springframework.transaction.annotation.ProxyTransactionManagementConfiguration' of type [org.springframework.transaction.annotation.ProxyTransactionManagementConfiguration] is not eligible for getting processed by all BeanPostProcessors (for example: not eligible for auto-proxying)
2020-01-21 00:20:41.165  INFO 6144 --- [    Test worker] com.zaxxer.hikari.HikariDataSource       : HikariPool-1 - Starting...
2020-01-21 00:20:41.297  INFO 6144 --- [    Test worker] com.zaxxer.hikari.HikariDataSource       : HikariPool-1 - Start completed.
2020-01-21 00:20:41.354  INFO 6144 --- [    Test worker] o.hibernate.jpa.internal.util.LogHelper  : HHH000204: Processing PersistenceUnitInfo [name: default]
2020-01-21 00:20:41.398  INFO 6144 --- [    Test worker] org.hibernate.Version                    : HHH000412: Hibernate Core {5.4.10.Final}
2020-01-21 00:20:41.500  INFO 6144 --- [    Test worker] o.hibernate.annotations.common.Version   : HCANN000001: Hibernate Commons Annotations {5.1.0.Final}
2020-01-21 00:20:41.589  INFO 6144 --- [    Test worker] org.hibernate.dialect.Dialect            : HHH000400: Using dialect: org.hibernate.dialect.H2Dialect
2020-01-21 00:20:42.107  INFO 6144 --- [    Test worker] o.h.e.t.j.p.i.JtaPlatformInitiator       : HHH000490: Using JtaPlatform implementation: [org.hibernate.engine.transaction.jta.platform.internal.NoJtaPlatform]
2020-01-21 00:20:42.112  INFO 6144 --- [    Test worker] j.LocalContainerEntityManagerFactoryBean : Initialized JPA EntityManagerFactory for persistence unit 'default'
2020-01-21 00:20:42.445  WARN 6144 --- [    Test worker] JpaBaseConfiguration$JpaWebConfiguration : spring.jpa.open-in-view is enabled by default. Therefore, database queries may be performed during view rendering. Explicitly configure spring.jpa.open-in-view to disable this warning
2020-01-21 00:20:42.600  INFO 6144 --- [    Test worker] o.s.s.concurrent.ThreadPoolTaskExecutor  : Initializing ExecutorService 'applicationTaskExecutor'
2020-01-21 00:20:42.815  INFO 6144 --- [    Test worker] c.t.c.CryptomaertApplicationTests        : Started CryptomaertApplicationTests in 2.85 seconds (JVM running for 3.666)
]]></system-out>
  <system-err><![CDATA[]]></system-err>
</testsuite>
